<?xml version="1.0" encoding="UTF-8"?>
<!-- Generated by org.testng.reporters.JUnitReportReporter -->
<testsuite skipped="0" hostname="EMCI7" name="br.com.automacao.projetoQuarentena.AbreNavegador" tests="3" failures="0" timestamp="2020-03-23T09:41:03 PDT" time="4.212" errors="0">
  <testcase name="radiobutton" time="2.394" classname="br.com.automacao.projetoQuarentena.AbreNavegador"/>
  <system-out/>
  <testcase name="deveAbrirNavegador" time="0.022" classname="br.com.automacao.projetoQuarentena.AbreNavegador"/>
  <system-out/>
  <testcase name="deveInserirValor" time="1.796" classname="br.com.automacao.projetoQuarentena.AbreNavegador"/>
  <system-out/>
</testsuite> <!-- br.com.automacao.projetoQuarentena.AbreNavegador -->
